[0m20:48:57.159718 [debug] [MainThread]: Sending event: {'category': 'dbt', 'action': 'invocation', 'label': 'start', 'context': [<snowplow_tracker.self_describing_json.SelfDescribingJson object at 0x00000239C8D501A0>, <snowplow_tracker.self_describing_json.SelfDescribingJson object at 0x00000239C67ED6D0>, <snowplow_tracker.self_describing_json.SelfDescribingJson object at 0x00000239CABC7D90>]}


============================== 20:48:57.172333 | 8f4739e6-200c-4c68-8559-ce1ab20d2eaf ==============================
[0m20:48:57.172333 [info ] [MainThread]: Running with dbt=1.10.11
[0m20:48:57.173710 [debug] [MainThread]: running dbt with arguments {'partial_parse': 'True', 'write_json': 'True', 'send_anonymous_usage_stats': 'True', 'warn_error': 'None', 'cache_selected_only': 'False', 'target_path': 'None', 'use_colors': 'True', 'invocation_command': 'dbt init', 'log_format': 'default', 'version_check': 'True', 'introspect': 'True', 'debug': 'False', 'log_cache_events': 'False', 'fail_fast': 'False', 'no_print': 'None', 'quiet': 'False', 'use_experimental_parser': 'False', 'empty': 'None', 'printer_width': '80', 'log_path': 'logs', 'indirect_selection': 'eager', 'profiles_dir': 'C:\\Users\\Administrator\\.dbt', 'warn_error_options': 'WarnErrorOptionsV2(error=[], warn=[], silence=[])', 'static_parser': 'True'}
[0m20:49:11.637931 [debug] [MainThread]: Starter project path: C:\Users\Administrator\LocalMachine\Lib\site-packages\dbt\include\starter_project
[0m20:49:11.725781 [info ] [MainThread]: 
Your new dbt project "dbt_transformation" was created!

For more information on how to configure the profiles.yml file,
please consult the dbt documentation here:

  https://docs.getdbt.com/docs/configure-your-profile

One more thing:

Need help? Don't hesitate to reach out to us via GitHub issues or on Slack:

  https://community.getdbt.com/

Happy modeling!

[0m20:49:11.727588 [info ] [MainThread]: Setting up your profile.
[0m20:52:12.942363 [error] [MainThread]: Encountered an error:

[0m20:52:13.108468 [error] [MainThread]: Traceback (most recent call last):
  File "C:\Users\Administrator\LocalMachine\Lib\site-packages\dbt\cli\requires.py", line 178, in wrapper
    result, success = func(*args, **kwargs)
                      ~~~~^^^^^^^^^^^^^^^^^
  File "C:\Users\Administrator\LocalMachine\Lib\site-packages\dbt\cli\requires.py", line 128, in wrapper
    return func(*args, **kwargs)
  File "C:\Users\Administrator\LocalMachine\Lib\site-packages\dbt\cli\main.py", line 483, in init
    results = task.run()
  File "C:\Users\Administrator\LocalMachine\Lib\site-packages\dbt\task\init.py", line 346, in run
    self.setup_profile(profile_name)
    ~~~~~~~~~~~~~~~~~~^^^^^^^^^^^^^^
  File "C:\Users\Administrator\LocalMachine\Lib\site-packages\dbt\task\init.py", line 262, in setup_profile
    self.create_profile_from_target(adapter, profile_name=profile_name)
    ~~~~~~~~~~~~~~~~~~~~~~~~~~~~~~~^^^^^^^^^^^^^^^^^^^^^^^^^^^^^^^^^^^^
  File "C:\Users\Administrator\LocalMachine\Lib\site-packages\dbt\task\init.py", line 179, in create_profile_from_target
    self.create_profile_from_profile_template(profile_template, profile_name)
    ~~~~~~~~~~~~~~~~~~~~~~~~~~~~~~~~~~~~~~~~~^^^^^^^^^^^^^^^^^^^^^^^^^^^^^^^^
  File "C:\Users\Administrator\LocalMachine\Lib\site-packages\dbt\task\init.py", line 163, in create_profile_from_profile_template
    target = self.generate_target_from_input(prompts, initial_target)
  File "C:\Users\Administrator\LocalMachine\Lib\site-packages\dbt\task\init.py", line 129, in generate_target_from_input
    target[key] = click.prompt(
                  ~~~~~~~~~~~~^
        text, default=default, hide_input=hide_input, type=type
        ^^^^^^^^^^^^^^^^^^^^^^^^^^^^^^^^^^^^^^^^^^^^^^^^^^^^^^^
    )
    ^
  File "C:\Users\Administrator\LocalMachine\Lib\site-packages\click\termui.py", line 164, in prompt
    value = prompt_func(prompt)
  File "C:\Users\Administrator\LocalMachine\Lib\site-packages\click\termui.py", line 147, in prompt_func
    raise Abort() from None
click.exceptions.Abort

[0m20:52:13.110016 [debug] [MainThread]: Command `dbt init` failed at 20:52:13.109871 after 196.19 seconds
[0m20:52:13.110476 [debug] [MainThread]: Sending event: {'category': 'dbt', 'action': 'invocation', 'label': 'end', 'context': [<snowplow_tracker.self_describing_json.SelfDescribingJson object at 0x00000239CAC76D70>, <snowplow_tracker.self_describing_json.SelfDescribingJson object at 0x00000239CADB1370>, <snowplow_tracker.self_describing_json.SelfDescribingJson object at 0x00000239CAC66140>]}
[0m20:52:13.110925 [debug] [MainThread]: Flushing usage events
[0m20:52:14.267909 [debug] [MainThread]: An error was encountered while trying to flush usage events
[0m20:54:51.351602 [debug] [MainThread]: Sending event: {'category': 'dbt', 'action': 'invocation', 'label': 'start', 'context': [<snowplow_tracker.self_describing_json.SelfDescribingJson object at 0x000001C9B5B001A0>, <snowplow_tracker.self_describing_json.SelfDescribingJson object at 0x000001C9B35496D0>, <snowplow_tracker.self_describing_json.SelfDescribingJson object at 0x000001C9B7977D90>]}


============================== 20:54:51.356871 | b97ff3b4-cdc1-40d7-955a-65408e239c6e ==============================
[0m20:54:51.356871 [info ] [MainThread]: Running with dbt=1.10.11
[0m20:54:51.357884 [debug] [MainThread]: running dbt with arguments {'partial_parse': 'True', 'static_parser': 'True', 'send_anonymous_usage_stats': 'True', 'version_check': 'True', 'cache_selected_only': 'False', 'target_path': 'None', 'use_colors': 'True', 'invocation_command': 'dbt init', 'log_format': 'default', 'warn_error': 'None', 'introspect': 'True', 'debug': 'False', 'printer_width': '80', 'fail_fast': 'False', 'no_print': 'None', 'quiet': 'False', 'empty': 'None', 'log_cache_events': 'False', 'use_experimental_parser': 'False', 'indirect_selection': 'eager', 'log_path': 'logs', 'profiles_dir': 'C:\\Users\\Administrator\\.dbt', 'warn_error_options': 'WarnErrorOptionsV2(error=[], warn=[], silence=[])', 'write_json': 'True'}
[0m20:56:06.036108 [debug] [MainThread]: Starter project path: C:\Users\Administrator\LocalMachine\Lib\site-packages\dbt\include\starter_project
[0m20:56:06.064334 [info ] [MainThread]: 
Your new dbt project "dbt_transformation" was created!

For more information on how to configure the profiles.yml file,
please consult the dbt documentation here:

  https://docs.getdbt.com/docs/configure-your-profile

One more thing:

Need help? Don't hesitate to reach out to us via GitHub issues or on Slack:

  https://community.getdbt.com/

Happy modeling!

[0m20:56:06.065295 [info ] [MainThread]: Setting up your profile.
[0m20:58:30.983197 [info ] [MainThread]: Profile dbt_transformation written to C:\Users\Administrator\.dbt\profiles.yml using target's profile_template.yml and your supplied values. Run 'dbt debug' to validate the connection.
[0m20:58:30.986071 [debug] [MainThread]: Command `dbt init` succeeded at 20:58:30.985683 after 219.82 seconds
[0m20:58:30.987032 [debug] [MainThread]: Sending event: {'category': 'dbt', 'action': 'invocation', 'label': 'end', 'context': [<snowplow_tracker.self_describing_json.SelfDescribingJson object at 0x000001C9B7A26B10>, <snowplow_tracker.self_describing_json.SelfDescribingJson object at 0x000001C9B7A2DB50>, <snowplow_tracker.self_describing_json.SelfDescribingJson object at 0x000001C9B6843680>]}
[0m20:58:30.987783 [debug] [MainThread]: Flushing usage events
[0m20:58:32.223650 [debug] [MainThread]: An error was encountered while trying to flush usage events
